0 verbose cli /usr/local/nvm/versions/node/v16.4.0/bin/node /usr/local/nvm/versions/node/v16.4.0/bin/npm
1 info using npm@8.19.2
2 info using node@v16.4.0
3 timing npm:load:whichnode Completed in 0ms
4 timing config:load:defaults Completed in 1ms
5 timing config:load:file:/usr/local/nvm/versions/node/v16.4.0/lib/node_modules/npm/npmrc Completed in 0ms
6 timing config:load:builtin Completed in 2ms
7 timing config:load:cli Completed in 2ms
8 timing config:load:env Completed in 1ms
9 timing config:load:file:/home/user225/.cache/typescript/3.8/.npmrc Completed in 0ms
10 timing config:load:project Completed in 5ms
11 timing config:load:file:/home/user225/.npmrc Completed in 0ms
12 timing config:load:user Completed in 1ms
13 timing config:load:file:/usr/local/nvm/versions/node/v16.4.0/etc/npmrc Completed in 0ms
14 timing config:load:global Completed in 0ms
15 timing config:load:validate Completed in 1ms
16 timing config:load:credentials Completed in 1ms
17 timing config:load:setEnvs Completed in 1ms
18 timing config:load Completed in 15ms
19 timing npm:load:configload Completed in 15ms
20 timing npm:load:mkdirpcache Completed in 2ms
21 timing npm:load:mkdirplogs Completed in 1ms
22 verbose title npm install @types/sinon@ts3.8 @types/accepts@ts3.8 @types/archy@ts3.8 @types/argparse@ts3.8 @types/balanced-match@ts3.8 @types/brace-expansion@ts3.8 @types/braces@ts3.8 @types/bytes@ts3.8 @types/caniuse-lite@ts3.8 @types/check-error@ts3.8 @types/color-convert@ts3.8 @types/color-name@ts3.8 @types/combined-stream@ts3.8 @types/commondir@ts3.8 @types/component-emitter@ts3.8 @types/concat-map@ts3.8 @types/content-disposition@ts3.8 @types/content-type@ts3.8 @types/convert-source-map@ts3.8 @types/cookie@ts3.8 @types/cookie-signature@ts3.8 @types/cookiejar@ts3.8 @types/cross-spawn@ts3.8 @types/debug@ts3.8 @types/deep-eql@ts3.8 @types/depd@ts3.8 @types/destroy@ts3.8 @types/diff@ts3.8 @types/ee-first@ts3.8 @types/encodeurl@ts3.8 @types/escape-html@ts3.8 @types/esprima@ts3.8 @types/etag@ts3.8 @types/extend@ts3.8 @types/fill-range@ts3.8 @types/finalhandler@ts3.8 @types/find-cache-dir@ts3.8 @types/flat@ts3.8 @types/formidable@ts3.8 @types/forwarded@ts3.8 @types/fresh@ts3.8 @types/gensync@ts3.8 @types/get-func-name@ts3.8 @types/glob@ts3.8 @types/glob-parent@ts3.8 @types/graceful-fs@ts3.8 @types/he@ts3.8 @types/html-escaper@ts3.8 @types/http-errors@ts3.8 @types/imurmurhash@ts3.8 @types/inherits@ts3.8 @types/is-glob@ts3.8 @types/is-number@ts3.8 @types/is-typedarray@ts3.8 @types/is-windows@ts3.8 @types/isarray@ts3.8 @types/isexe@ts3.8 @types/istanbul-lib-coverage@ts3.8 @types/istanbul-lib-hook@ts3.8 @types/istanbul-lib-instrument@ts3.8 @types/istanbul-lib-report@ts3.8 @types/istanbul-lib-source-maps@ts3.8 @types/istanbul-reports@ts3.8 @types/js-yaml@ts3.8 @types/jsesc@ts3.8 @types/lodash.flattendeep@ts3.8 @types/lodash.get@ts3.8 @types/media-typer@ts3.8 @types/merge-descriptors@ts3.8 @types/methods@ts3.8 @types/mime@ts3.8 @types/mime-db@ts3.8 @types/mime-types@ts3.8 @types/minimatch@ts3.8 @types/minimist@ts3.8 @types/ms@ts3.8 @types/negotiator@ts3.8 @types/nise@ts3.8 @types/normalize-path@ts3.8 @types/on-finished@ts3.8 @types/once@ts3.8 @types/parseurl@ts3.8 @types/path-is-absolute@ts3.8 @types/pathval@ts3.8 @types/picomatch@ts3.8 @types/proxy-addr@ts3.8 @types/qs@ts3.8 @types/randombytes@ts3.8 @types/range-parser@ts3.8 @types/readable-stream@ts3.8 @types/require-directory@ts3.8 @types/rimraf@ts3.8 @types/safer-buffer@ts3.8 @types/semver@ts3.8 @types/semver-compare@ts3.8 @types/send@ts3.8 @types/serialize-javascript@ts3.8 @types/serve-static@ts3.8 @types/shebang-command@ts3.8 @types/signal-exit@ts3.8 @types/sprintf@ts3.8 @types/sprintf-js@ts3.8 @types/statuses@ts3.8 @types/superagent@ts3.8 @types/supports-color@ts3.8 @types/to-regex-range@ts3.8 @types/type-detect@ts3.8 @types/type-is@ts3.8 @types/typedarray-to-buffer@ts3.8 @types/util-deprecate@ts3.8 @types/utils-merge@ts3.8 @types/uuid@ts3.8 @types/vary@ts3.8 @types/which@ts3.8 @types/workerpool@ts3.8 @types/wrap-ansi@ts3.8 @types/write-file-atomic@ts3.8 @types/yargs@ts3.8 @types/yargs-parser@ts3.8 @types/yargs-unparser@ts3.8
23 verbose argv "install" "--ignore-scripts" "@types/sinon@ts3.8" "@types/accepts@ts3.8" "@types/archy@ts3.8" "@types/argparse@ts3.8" "@types/balanced-match@ts3.8" "@types/brace-expansion@ts3.8" "@types/braces@ts3.8" "@types/bytes@ts3.8" "@types/caniuse-lite@ts3.8" "@types/check-error@ts3.8" "@types/color-convert@ts3.8" "@types/color-name@ts3.8" "@types/combined-stream@ts3.8" "@types/commondir@ts3.8" "@types/component-emitter@ts3.8" "@types/concat-map@ts3.8" "@types/content-disposition@ts3.8" "@types/content-type@ts3.8" "@types/convert-source-map@ts3.8" "@types/cookie@ts3.8" "@types/cookie-signature@ts3.8" "@types/cookiejar@ts3.8" "@types/cross-spawn@ts3.8" "@types/debug@ts3.8" "@types/deep-eql@ts3.8" "@types/depd@ts3.8" "@types/destroy@ts3.8" "@types/diff@ts3.8" "@types/ee-first@ts3.8" "@types/encodeurl@ts3.8" "@types/escape-html@ts3.8" "@types/esprima@ts3.8" "@types/etag@ts3.8" "@types/extend@ts3.8" "@types/fill-range@ts3.8" "@types/finalhandler@ts3.8" "@types/find-cache-dir@ts3.8" "@types/flat@ts3.8" "@types/formidable@ts3.8" "@types/forwarded@ts3.8" "@types/fresh@ts3.8" "@types/gensync@ts3.8" "@types/get-func-name@ts3.8" "@types/glob@ts3.8" "@types/glob-parent@ts3.8" "@types/graceful-fs@ts3.8" "@types/he@ts3.8" "@types/html-escaper@ts3.8" "@types/http-errors@ts3.8" "@types/imurmurhash@ts3.8" "@types/inherits@ts3.8" "@types/is-glob@ts3.8" "@types/is-number@ts3.8" "@types/is-typedarray@ts3.8" "@types/is-windows@ts3.8" "@types/isarray@ts3.8" "@types/isexe@ts3.8" "@types/istanbul-lib-coverage@ts3.8" "@types/istanbul-lib-hook@ts3.8" "@types/istanbul-lib-instrument@ts3.8" "@types/istanbul-lib-report@ts3.8" "@types/istanbul-lib-source-maps@ts3.8" "@types/istanbul-reports@ts3.8" "@types/js-yaml@ts3.8" "@types/jsesc@ts3.8" "@types/lodash.flattendeep@ts3.8" "@types/lodash.get@ts3.8" "@types/media-typer@ts3.8" "@types/merge-descriptors@ts3.8" "@types/methods@ts3.8" "@types/mime@ts3.8" "@types/mime-db@ts3.8" "@types/mime-types@ts3.8" "@types/minimatch@ts3.8" "@types/minimist@ts3.8" "@types/ms@ts3.8" "@types/negotiator@ts3.8" "@types/nise@ts3.8" "@types/normalize-path@ts3.8" "@types/on-finished@ts3.8" "@types/once@ts3.8" "@types/parseurl@ts3.8" "@types/path-is-absolute@ts3.8" "@types/pathval@ts3.8" "@types/picomatch@ts3.8" "@types/proxy-addr@ts3.8" "@types/qs@ts3.8" "@types/randombytes@ts3.8" "@types/range-parser@ts3.8" "@types/readable-stream@ts3.8" "@types/require-directory@ts3.8" "@types/rimraf@ts3.8" "@types/safer-buffer@ts3.8" "@types/semver@ts3.8" "@types/semver-compare@ts3.8" "@types/send@ts3.8" "@types/serialize-javascript@ts3.8" "@types/serve-static@ts3.8" "@types/shebang-command@ts3.8" "@types/signal-exit@ts3.8" "@types/sprintf@ts3.8" "@types/sprintf-js@ts3.8" "@types/statuses@ts3.8" "@types/superagent@ts3.8" "@types/supports-color@ts3.8" "@types/to-regex-range@ts3.8" "@types/type-detect@ts3.8" "@types/type-is@ts3.8" "@types/typedarray-to-buffer@ts3.8" "@types/util-deprecate@ts3.8" "@types/utils-merge@ts3.8" "@types/uuid@ts3.8" "@types/vary@ts3.8" "@types/which@ts3.8" "@types/workerpool@ts3.8" "@types/wrap-ansi@ts3.8" "@types/write-file-atomic@ts3.8" "@types/yargs@ts3.8" "@types/yargs-parser@ts3.8" "@types/yargs-unparser@ts3.8" "--save-dev" "--user-agent" "typesInstaller/3.8.3"
24 timing npm:load:setTitle Completed in 15ms
25 timing config:load:flatten Completed in 4ms
26 timing npm:load:display Completed in 6ms
27 verbose logfile logs-max:10 dir:/home/user225/.npm/_logs
28 verbose logfile /home/user225/.npm/_logs/2022-10-07T16_10_38_855Z-debug-0.log
29 timing npm:load:logFile Completed in 9ms
30 timing npm:load:timers Completed in 0ms
31 timing npm:load:configScope Completed in 0ms
32 timing npm:load Completed in 49ms
33 timing arborist:ctor Completed in 1ms
34 silly logfile start cleaning logs, removing 1 files
35 silly logfile done cleaning log files
36 timing idealTree:init Completed in 57ms
37 timing arborist:ctor Completed in 0ms
38 http fetch GET 200 https://registry.npmjs.org/@types%2fcookiejar 713ms (cache hit)
39 http fetch GET 200 https://registry.npmjs.org/@types%2fmime 598ms (cache hit)
40 http fetch GET 200 https://registry.npmjs.org/@types%2fqs 583ms (cache hit)
41 http fetch GET 200 https://registry.npmjs.org/@types%2frange-parser 581ms (cache hit)
42 http fetch GET 200 https://registry.npmjs.org/@types%2fserve-static 571ms (cache hit)
43 http fetch GET 200 https://registry.npmjs.org/@types%2fsuperagent 566ms (cache hit)
44 http fetch GET 200 https://registry.npmjs.org/@types%2fcomponent-emitter 839ms (cache revalidated)
45 http fetch GET 200 https://registry.npmjs.org/@types%2fbrace-expansion 857ms (cache revalidated)
46 http fetch GET 200 https://registry.npmjs.org/@types%2fcheck-error 861ms (cache revalidated)
47 http fetch GET 200 https://registry.npmjs.org/@types%2fbraces 867ms (cache revalidated)
48 http fetch GET 200 https://registry.npmjs.org/@types%2faccepts 882ms (cache revalidated)
49 http fetch GET 200 https://registry.npmjs.org/@types%2fcolor-convert 881ms (cache revalidated)
50 http fetch GET 200 https://registry.npmjs.org/@types%2fbytes 890ms (cache revalidated)
51 http fetch GET 200 https://registry.npmjs.org/@types%2fbalanced-match 896ms (cache revalidated)
52 http fetch GET 200 https://registry.npmjs.org/@types%2fdebug 887ms (cache revalidated)
53 http fetch GET 200 https://registry.npmjs.org/@types%2fcookie 900ms (cache revalidated)
54 http fetch GET 200 https://registry.npmjs.org/@types%2fdeep-eql 908ms (cache revalidated)
55 timing idealTree Completed in 996ms
56 timing command:install Completed in 1010ms
57 verbose type tag
58 verbose stack @types/deep-eql: No matching version found for @types/deep-eql@ts3.8.
58 verbose stack     at module.exports (/usr/local/nvm/versions/node/v16.4.0/lib/node_modules/npm/node_modules/npm-pick-manifest/lib/index.js:209:23)
58 verbose stack     at RegistryFetcher.manifest (/usr/local/nvm/versions/node/v16.4.0/lib/node_modules/npm/node_modules/pacote/lib/registry.js:125:22)
58 verbose stack     at async /usr/local/nvm/versions/node/v16.4.0/lib/node_modules/npm/node_modules/@npmcli/arborist/lib/arborist/build-ideal-tree.js:534:22
58 verbose stack     at async Promise.all (index 24)
58 verbose stack     at async Arborist.[add] (/usr/local/nvm/versions/node/v16.4.0/lib/node_modules/npm/node_modules/@npmcli/arborist/lib/arborist/build-ideal-tree.js:523:5)
58 verbose stack     at async Arborist.[applyUserRequestsToNode] (/usr/local/nvm/versions/node/v16.4.0/lib/node_modules/npm/node_modules/@npmcli/arborist/lib/arborist/build-ideal-tree.js:492:7)
58 verbose stack     at async Arborist.[applyUserRequests] (/usr/local/nvm/versions/node/v16.4.0/lib/node_modules/npm/node_modules/@npmcli/arborist/lib/arborist/build-ideal-tree.js:429:7)
58 verbose stack     at async Arborist.buildIdealTree (/usr/local/nvm/versions/node/v16.4.0/lib/node_modules/npm/node_modules/@npmcli/arborist/lib/arborist/build-ideal-tree.js:210:7)
58 verbose stack     at async Promise.all (index 1)
58 verbose stack     at async Arborist.reify (/usr/local/nvm/versions/node/v16.4.0/lib/node_modules/npm/node_modules/@npmcli/arborist/lib/arborist/reify.js:153:5)
59 verbose cwd /home/user225/.cache/typescript/3.8
60 verbose Linux 5.10.133+
61 verbose node v16.4.0
62 verbose npm  v8.19.2
63 error code ETARGET
64 error notarget No matching version found for @types/deep-eql@ts3.8.
65 error notarget In most cases you or one of your dependencies are requesting
65 error notarget a package version that doesn't exist.
66 verbose exit 1
67 timing npm Completed in 1202ms
68 verbose unfinished npm timer reify 1665159039040
69 verbose unfinished npm timer reify:loadTrees 1665159039047
70 verbose unfinished npm timer idealTree:userRequests 1665159039106
71 verbose code 1
72 error A complete log of this run can be found in:
72 error     /home/user225/.npm/_logs/2022-10-07T16_10_38_855Z-debug-0.log
