0 verbose cli /usr/local/nvm/versions/node/v16.4.0/bin/node /usr/local/nvm/versions/node/v16.4.0/bin/npm
1 info using npm@8.19.2
2 info using node@v16.4.0
3 timing npm:load:whichnode Completed in 0ms
4 timing config:load:defaults Completed in 4ms
5 timing config:load:file:/usr/local/nvm/versions/node/v16.4.0/lib/node_modules/npm/npmrc Completed in 1ms
6 timing config:load:builtin Completed in 1ms
7 timing config:load:cli Completed in 4ms
8 timing config:load:env Completed in 1ms
9 timing config:load:file:/home/user225/.cache/typescript/3.8/.npmrc Completed in 0ms
10 timing config:load:project Completed in 3ms
11 timing config:load:file:/home/user225/.npmrc Completed in 0ms
12 timing config:load:user Completed in 1ms
13 timing config:load:file:/usr/local/nvm/versions/node/v16.4.0/etc/npmrc Completed in 1ms
14 timing config:load:global Completed in 1ms
15 timing config:load:validate Completed in 0ms
16 timing config:load:credentials Completed in 1ms
17 timing config:load:setEnvs Completed in 2ms
18 timing config:load Completed in 18ms
19 timing npm:load:configload Completed in 18ms
20 timing npm:load:mkdirpcache Completed in 5ms
21 timing npm:load:mkdirplogs Completed in 1ms
22 verbose title npm install @types/body-parser@ts3.8 @types/express@ts3.8 @types/chai@ts3.8 @types/mocha@ts3.8 @types/supertest@ts3.8
23 verbose argv "install" "--ignore-scripts" "@types/body-parser@ts3.8" "@types/express@ts3.8" "@types/chai@ts3.8" "@types/mocha@ts3.8" "@types/supertest@ts3.8" "--save-dev" "--user-agent" "typesInstaller/3.8.3"
24 timing npm:load:setTitle Completed in 5ms
25 timing config:load:flatten Completed in 5ms
26 timing npm:load:display Completed in 6ms
27 verbose logfile logs-max:10 dir:/home/user225/.npm/_logs
28 verbose logfile /home/user225/.npm/_logs/2022-10-07T16_10_33_648Z-debug-0.log
29 timing npm:load:logFile Completed in 9ms
30 timing npm:load:timers Completed in 0ms
31 timing npm:load:configScope Completed in 0ms
32 timing npm:load Completed in 48ms
33 timing arborist:ctor Completed in 1ms
34 silly logfile start cleaning logs, removing 1 files
35 silly logfile done cleaning log files
36 timing idealTree:init Completed in 59ms
37 timing arborist:ctor Completed in 0ms
38 http fetch GET 200 https://registry.npmjs.org/@types%2fbody-parser 369ms (cache revalidated)
39 http fetch GET 200 https://registry.npmjs.org/@types%2fchai 373ms (cache revalidated)
40 http fetch GET 200 https://registry.npmjs.org/@types%2fmocha 382ms (cache revalidated)
41 http fetch GET 200 https://registry.npmjs.org/@types%2fexpress 385ms (cache revalidated)
42 http fetch GET 200 https://registry.npmjs.org/@types%2fsupertest 390ms (cache revalidated)
43 timing idealTree:userRequests Completed in 401ms
44 silly idealTree buildDeps
45 silly fetch manifest @types/body-parser@1.19.2
46 silly fetch manifest @types/chai@4.3.0
47 silly fetch manifest @types/mocha@9.1.0
48 silly fetch manifest @types/express@4.17.13
49 silly fetch manifest @types/supertest@2.0.11
50 silly placeDep ROOT @types/body-parser@1.19.2 OK for:  want: 1.19.2
51 silly placeDep ROOT @types/chai@4.3.0 OK for:  want: 4.3.0
52 silly placeDep ROOT @types/express@4.17.13 OK for:  want: 4.17.13
53 silly placeDep ROOT @types/mocha@9.1.0 OK for:  want: 9.1.0
54 silly placeDep ROOT @types/supertest@2.0.11 OK for:  want: 2.0.11
55 silly fetch manifest @types/connect@*
56 silly fetch manifest @types/express-serve-static-core@^4.17.18
57 silly fetch manifest @types/qs@*
58 silly fetch manifest @types/serve-static@*
59 silly fetch manifest @types/superagent@*
60 http fetch GET 200 https://registry.npmjs.org/@types%2fconnect 90ms (cache miss)
61 http fetch GET 200 https://registry.npmjs.org/@types%2fserve-static 110ms (cache revalidated)
62 http fetch GET 200 https://registry.npmjs.org/@types%2fexpress-serve-static-core 122ms (cache miss)
63 http fetch GET 200 https://registry.npmjs.org/@types%2fqs 131ms (cache revalidated)
64 http fetch GET 200 https://registry.npmjs.org/@types%2fsuperagent 132ms (cache revalidated)
65 timing idealTree:#root Completed in 163ms
66 silly placeDep ROOT @types/connect@3.4.35 OK for: @types/body-parser@1.19.2 want: *
67 timing idealTree:node_modules/@types/body-parser Completed in 27ms
68 timing idealTree:node_modules/@types/chai Completed in 0ms
69 timing idealTree:node_modules/@types/connect Completed in 0ms
70 silly placeDep ROOT @types/express-serve-static-core@4.17.31 OK for: @types/express@4.17.13 want: ^4.17.18
71 silly placeDep ROOT @types/qs@6.9.7 OK for: @types/express@4.17.13 want: *
72 silly placeDep ROOT @types/serve-static@1.15.0 OK for: @types/express@4.17.13 want: *
73 silly fetch manifest @types/range-parser@*
74 silly fetch manifest @types/mime@*
75 http fetch GET 200 https://registry.npmjs.org/@types%2fmime 66ms (cache revalidated)
76 http fetch GET 200 https://registry.npmjs.org/@types%2frange-parser 69ms (cache revalidated)
77 timing idealTree:node_modules/@types/express Completed in 100ms
78 silly placeDep ROOT @types/range-parser@1.2.4 OK for: @types/express-serve-static-core@4.17.31 want: *
79 timing idealTree:node_modules/@types/express-serve-static-core Completed in 3ms
80 timing idealTree:node_modules/@types/mocha Completed in 0ms
81 timing idealTree:node_modules/@types/qs Completed in 0ms
82 timing idealTree:node_modules/@types/range-parser Completed in 0ms
83 silly placeDep ROOT @types/mime@3.0.1 OK for: @types/serve-static@1.15.0 want: *
84 timing idealTree:node_modules/@types/serve-static Completed in 1ms
85 timing idealTree:node_modules/@types/mime Completed in 0ms
86 silly placeDep ROOT @types/superagent@4.1.15 OK for: @types/supertest@2.0.11 want: *
87 silly fetch manifest @types/cookiejar@*
88 http fetch GET 200 https://registry.npmjs.org/@types%2fcookiejar 527ms (cache revalidated)
89 timing idealTree:node_modules/@types/supertest Completed in 531ms
90 silly placeDep ROOT @types/cookiejar@2.1.2 OK for: @types/superagent@4.1.15 want: *
91 timing idealTree:node_modules/@types/superagent Completed in 1ms
92 timing idealTree:node_modules/@types/cookiejar Completed in 0ms
93 timing idealTree:buildDeps Completed in 832ms
94 timing idealTree:fixDepFlags Completed in 0ms
95 timing idealTree Completed in 1295ms
96 timing reify:loadTrees Completed in 1296ms
97 timing reify:diffTrees Completed in 4ms
98 silly reify moves {}
99 timing reify:retireShallow Completed in 1ms
100 timing reify:createSparse Completed in 6ms
101 timing reify:loadBundles Completed in 0ms
102 silly audit bulk request {
102 silly audit   '@types/caseless': [ '0.12.2' ],
102 silly audit   '@types/node': [ '18.8.2' ],
102 silly audit   '@types/request': [ '2.48.8' ],
102 silly audit   '@types/sinonjs__fake-timers': [ '8.1.1' ],
102 silly audit   '@types/tough-cookie': [ '4.0.2' ],
102 silly audit   asynckit: [ '0.4.0' ],
102 silly audit   'combined-stream': [ '1.0.8' ],
102 silly audit   'delayed-stream': [ '1.0.0' ],
102 silly audit   'form-data': [ '2.5.1' ],
102 silly audit   'mime-db': [ '1.52.0' ],
102 silly audit   'mime-types': [ '2.1.35' ],
102 silly audit   'types-registry': [ '0.1.612' ],
102 silly audit   '@types/body-parser': [ '1.19.2' ],
102 silly audit   '@types/chai': [ '4.3.0' ],
102 silly audit   '@types/express': [ '4.17.13' ],
102 silly audit   '@types/mocha': [ '9.1.0' ],
102 silly audit   '@types/supertest': [ '2.0.11' ],
102 silly audit   '@types/connect': [ '3.4.35' ],
102 silly audit   '@types/express-serve-static-core': [ '4.17.31' ],
102 silly audit   '@types/qs': [ '6.9.7' ],
102 silly audit   '@types/serve-static': [ '1.15.0' ],
102 silly audit   '@types/range-parser': [ '1.2.4' ],
102 silly audit   '@types/mime': [ '3.0.1' ],
102 silly audit   '@types/superagent': [ '4.1.15' ],
102 silly audit   '@types/cookiejar': [ '2.1.2' ]
102 silly audit }
103 silly tarball no local data for @types/cookiejar@https://registry.npmjs.org/@types/cookiejar/-/cookiejar-2.1.2.tgz. Extracting by manifest.
104 silly tarball no local data for @types/superagent@https://registry.npmjs.org/@types/superagent/-/superagent-4.1.15.tgz. Extracting by manifest.
105 silly tarball no local data for @types/mime@https://registry.npmjs.org/@types/mime/-/mime-3.0.1.tgz. Extracting by manifest.
106 silly tarball no local data for @types/range-parser@https://registry.npmjs.org/@types/range-parser/-/range-parser-1.2.4.tgz. Extracting by manifest.
107 silly tarball no local data for @types/serve-static@https://registry.npmjs.org/@types/serve-static/-/serve-static-1.15.0.tgz. Extracting by manifest.
108 silly tarball no local data for @types/qs@https://registry.npmjs.org/@types/qs/-/qs-6.9.7.tgz. Extracting by manifest.
109 silly tarball no local data for @types/express-serve-static-core@https://registry.npmjs.org/@types/express-serve-static-core/-/express-serve-static-core-4.17.31.tgz. Extracting by manifest.
110 silly tarball no local data for @types/connect@https://registry.npmjs.org/@types/connect/-/connect-3.4.35.tgz. Extracting by manifest.
111 silly tarball no local data for @types/supertest@https://registry.npmjs.org/@types/supertest/-/supertest-2.0.11.tgz. Extracting by manifest.
112 silly tarball no local data for @types/mocha@https://registry.npmjs.org/@types/mocha/-/mocha-9.1.0.tgz. Extracting by manifest.
113 silly tarball no local data for @types/express@https://registry.npmjs.org/@types/express/-/express-4.17.13.tgz. Extracting by manifest.
114 silly tarball no local data for @types/chai@https://registry.npmjs.org/@types/chai/-/chai-4.3.0.tgz. Extracting by manifest.
115 silly tarball no local data for @types/body-parser@https://registry.npmjs.org/@types/body-parser/-/body-parser-1.19.2.tgz. Extracting by manifest.
116 http fetch POST 200 https://registry.npmjs.org/-/npm/v1/security/advisories/bulk 170ms
117 timing auditReport:getReport Completed in 173ms
118 silly audit report {}
119 timing auditReport:init Completed in 0ms
120 timing reify:audit Completed in 174ms
121 http fetch GET 200 https://registry.npmjs.org/@types/mime/-/mime-3.0.1.tgz 154ms (cache miss)
122 timing reifyNode:node_modules/@types/mime Completed in 180ms
123 http fetch GET 200 https://registry.npmjs.org/@types/cookiejar/-/cookiejar-2.1.2.tgz 160ms (cache miss)
124 timing reifyNode:node_modules/@types/cookiejar Completed in 182ms
125 http fetch GET 200 https://registry.npmjs.org/@types/superagent/-/superagent-4.1.15.tgz 161ms (cache miss)
126 timing reifyNode:node_modules/@types/superagent Completed in 185ms
127 http fetch GET 200 https://registry.npmjs.org/@types/range-parser/-/range-parser-1.2.4.tgz 160ms (cache miss)
128 timing reifyNode:node_modules/@types/range-parser Completed in 186ms
129 http fetch GET 200 https://registry.npmjs.org/@types/serve-static/-/serve-static-1.15.0.tgz 170ms (cache miss)
130 timing reifyNode:node_modules/@types/serve-static Completed in 197ms
131 http fetch GET 200 https://registry.npmjs.org/@types/connect/-/connect-3.4.35.tgz 167ms (cache miss)
132 timing reifyNode:node_modules/@types/connect Completed in 199ms
133 http fetch GET 200 https://registry.npmjs.org/@types/body-parser/-/body-parser-1.19.2.tgz 161ms (cache miss)
134 timing reifyNode:node_modules/@types/body-parser Completed in 200ms
135 http fetch GET 200 https://registry.npmjs.org/@types/express/-/express-4.17.13.tgz 164ms (cache miss)
136 timing reifyNode:node_modules/@types/express Completed in 200ms
137 http fetch GET 200 https://registry.npmjs.org/@types/qs/-/qs-6.9.7.tgz 173ms (cache miss)
138 timing reifyNode:node_modules/@types/qs Completed in 201ms
139 http fetch GET 200 https://registry.npmjs.org/@types/chai/-/chai-4.3.0.tgz 165ms (cache miss)
140 timing reifyNode:node_modules/@types/chai Completed in 203ms
141 http fetch GET 200 https://registry.npmjs.org/@types/express-serve-static-core/-/express-serve-static-core-4.17.31.tgz 174ms (cache miss)
142 timing reifyNode:node_modules/@types/express-serve-static-core Completed in 204ms
143 http fetch GET 200 https://registry.npmjs.org/@types/supertest/-/supertest-2.0.11.tgz 198ms (cache miss)
144 timing reifyNode:node_modules/@types/supertest Completed in 231ms
145 http fetch GET 200 https://registry.npmjs.org/@types/mocha/-/mocha-9.1.0.tgz 243ms (cache miss)
146 timing reifyNode:node_modules/@types/mocha Completed in 277ms
147 timing reify:unpack Completed in 278ms
148 timing reify:unretire Completed in 0ms
149 timing build:queue Completed in 1ms
150 timing build:deps Completed in 1ms
151 timing build Completed in 1ms
152 timing reify:build Completed in 2ms
153 timing reify:trash Completed in 0ms
154 timing reify:save Completed in 23ms
155 timing reify Completed in 1633ms
156 silly ADD node_modules/@types/cookiejar
157 silly ADD node_modules/@types/superagent
158 silly ADD node_modules/@types/mime
159 silly ADD node_modules/@types/range-parser
160 silly ADD node_modules/@types/serve-static
161 silly ADD node_modules/@types/qs
162 silly ADD node_modules/@types/express-serve-static-core
163 silly ADD node_modules/@types/connect
164 silly ADD node_modules/@types/supertest
165 silly ADD node_modules/@types/mocha
166 silly ADD node_modules/@types/express
167 silly ADD node_modules/@types/chai
168 silly ADD node_modules/@types/body-parser
169 timing command:install Completed in 1642ms
170 verbose exit 0
171 timing npm Completed in 1914ms
172 info ok
