0 verbose cli /usr/local/nvm/versions/node/v16.4.0/bin/node /usr/local/nvm/versions/node/v16.4.0/bin/npm
1 info using npm@8.19.2
2 info using node@v16.4.0
3 timing npm:load:whichnode Completed in 0ms
4 timing config:load:defaults Completed in 2ms
5 timing config:load:file:/usr/local/nvm/versions/node/v16.4.0/lib/node_modules/npm/npmrc Completed in 1ms
6 timing config:load:builtin Completed in 1ms
7 timing config:load:cli Completed in 2ms
8 timing config:load:env Completed in 0ms
9 timing config:load:file:/home/user225/events-app/internal/.npmrc Completed in 0ms
10 timing config:load:project Completed in 6ms
11 timing config:load:file:/home/user225/.npmrc Completed in 1ms
12 timing config:load:user Completed in 1ms
13 timing config:load:file:/usr/local/nvm/versions/node/v16.4.0/etc/npmrc Completed in 0ms
14 timing config:load:global Completed in 0ms
15 timing config:load:validate Completed in 0ms
16 timing config:load:credentials Completed in 1ms
17 timing config:load:setEnvs Completed in 1ms
18 timing config:load Completed in 15ms
19 timing npm:load:configload Completed in 15ms
20 timing npm:load:mkdirpcache Completed in 2ms
21 timing npm:load:mkdirplogs Completed in 1ms
22 verbose title npm audit fix
23 verbose argv "audit" "fix"
24 timing npm:load:setTitle Completed in 2ms
25 timing config:load:flatten Completed in 4ms
26 timing npm:load:display Completed in 6ms
27 verbose logfile logs-max:10 dir:/home/user225/.npm/_logs
28 verbose logfile /home/user225/.npm/_logs/2022-10-07T16_57_04_634Z-debug-0.log
29 timing npm:load:logFile Completed in 8ms
30 timing npm:load:timers Completed in 1ms
31 timing npm:load:configScope Completed in 0ms
32 timing npm:load Completed in 35ms
33 timing arborist:ctor Completed in 2ms
34 silly logfile start cleaning logs, removing 1 files
35 silly logfile done cleaning log files
36 silly audit bulk request {
36 silly audit   '@alloc/quick-lru': [ '5.2.0' ],
36 silly audit   '@ampproject/remapping': [ '2.1.2' ],
36 silly audit   '@babel/code-frame': [ '7.16.7' ],
36 silly audit   '@babel/compat-data': [ '7.17.0' ],
36 silly audit   '@babel/core': [ '7.17.5' ],
36 silly audit   debug: [ '4.3.3', '2.6.9', '3.2.6' ],
36 silly audit   ms: [ '2.1.2', '2.1.3', '2.0.0', '2.1.1' ],
36 silly audit   '@babel/generator': [ '7.17.3' ],
36 silly audit   '@babel/helper-compilation-targets': [ '7.16.7' ],
36 silly audit   '@babel/helper-environment-visitor': [ '7.16.7' ],
36 silly audit   '@babel/helper-function-name': [ '7.16.7' ],
36 silly audit   '@babel/helper-get-function-arity': [ '7.16.7' ],
36 silly audit   '@babel/helper-hoist-variables': [ '7.16.7' ],
36 silly audit   '@babel/helper-module-imports': [ '7.16.7' ],
36 silly audit   '@babel/helper-module-transforms': [ '7.17.6' ],
36 silly audit   '@babel/helper-simple-access': [ '7.16.7' ],
36 silly audit   '@babel/helper-split-export-declaration': [ '7.16.7' ],
36 silly audit   '@babel/helper-validator-identifier': [ '7.16.7' ],
36 silly audit   '@babel/helper-validator-option': [ '7.16.7' ],
36 silly audit   '@babel/helpers': [ '7.17.2' ],
36 silly audit   '@babel/highlight': [ '7.16.10' ],
36 silly audit   'ansi-styles': [ '3.2.1', '4.3.0' ],
36 silly audit   chalk: [ '2.4.2', '4.1.2' ],
36 silly audit   'color-convert': [ '1.9.3', '2.0.1' ],
36 silly audit   'color-name': [ '1.1.3', '1.1.4' ],
36 silly audit   'escape-string-regexp': [ '1.0.5', '4.0.0' ],
36 silly audit   'has-flag': [ '3.0.0', '4.0.0' ],
36 silly audit   'supports-color': [ '5.5.0', '7.2.0', '7.1.0', '8.1.1' ],
36 silly audit   '@babel/parser': [ '7.17.3' ],
36 silly audit   '@babel/template': [ '7.16.7' ],
36 silly audit   '@babel/traverse': [ '7.17.3' ],
36 silly audit   '@babel/types': [ '7.17.0' ],
36 silly audit   '@istanbuljs/load-nyc-config': [ '1.1.0' ],
36 silly audit   argparse: [ '1.0.10', '2.0.1' ],
36 silly audit   'find-up': [ '4.1.0', '5.0.0' ],
36 silly audit   'js-yaml': [ '3.14.1', '4.1.0' ],
36 silly audit   'locate-path': [ '5.0.0', '6.0.0' ],
36 silly audit   'p-limit': [ '2.3.0', '3.1.0' ],
36 silly audit   'p-locate': [ '4.1.0', '5.0.0' ],
36 silly audit   '@istanbuljs/schema': [ '0.1.3' ],
36 silly audit   '@jridgewell/resolve-uri': [ '3.0.5' ],
36 silly audit   '@jridgewell/sourcemap-codec': [ '1.4.11' ],
36 silly audit   '@jridgewell/trace-mapping': [ '0.3.4' ],
36 silly audit   '@sinonjs/commons': [ '1.7.2' ],
36 silly audit   '@sinonjs/fake-timers': [ '6.0.1' ],
36 silly audit   '@sinonjs/formatio': [ '5.0.1' ],
36 silly audit   '@sinonjs/samsam': [ '5.0.3' ],
36 silly audit   '@sinonjs/text-encoding': [ '0.7.1' ],
36 silly audit   '@types/geojson': [ '7946.0.8' ],
36 silly audit   '@types/node': [ '17.0.23' ],
36 silly audit   '@ungap/promise-all-settled': [ '1.1.2' ],
36 silly audit   accepts: [ '1.3.7' ],
36 silly audit   'aggregate-error': [ '3.1.0' ],
36 silly audit   'ansi-colors': [ '4.1.1' ],
36 silly audit   'ansi-regex': [ '5.0.1' ],
36 silly audit   anymatch: [ '3.1.2' ],
36 silly audit   'append-transform': [ '2.0.0' ],
36 silly audit   archy: [ '1.0.0' ],
36 silly audit   'array-flatten': [ '1.1.1' ],
36 silly audit   'assertion-error': [ '1.1.0' ],
36 silly audit   asynckit: [ '0.4.0' ],
36 silly audit   'balanced-match': [ '1.0.0' ],
36 silly audit   'binary-extensions': [ '2.2.0' ],
36 silly audit   'body-parser': [ '1.19.0' ],
36 silly audit   'brace-expansion': [ '1.1.11' ],
36 silly audit   braces: [ '3.0.2' ],
36 silly audit   'browser-stdout': [ '1.3.1' ],
36 silly audit   browserslist: [ '4.19.3' ],
36 silly audit   bytes: [ '3.1.0' ],
36 silly audit   'caching-transform': [ '4.0.0' ],
36 silly audit   camelcase: [ '5.3.1', '6.3.0' ],
36 silly audit   'caniuse-lite': [ '1.0.30001312' ],
36 silly audit   chai: [ '4.2.0' ],
36 silly audit   'check-error': [ '1.0.2' ],
36 silly audit   chokidar: [ '3.5.3' ],
36 silly audit   'clean-stack': [ '2.2.0' ],
36 silly audit   cliui: [ '7.0.4', '6.0.0' ],
36 silly audit   'combined-stream': [ '1.0.8' ],
36 silly audit   commondir: [ '1.0.1' ],
36 silly audit   'component-emitter': [ '1.3.0' ],
36 silly audit   'concat-map': [ '0.0.1' ],
36 silly audit   'content-disposition': [ '0.5.3' ],
36 silly audit   'content-type': [ '1.0.4' ],
36 silly audit   'convert-source-map': [ '1.8.0' ],
36 silly audit   cookie: [ '0.4.0' ],
36 silly audit   'cookie-signature': [ '1.0.6' ],
36 silly audit   cookiejar: [ '2.1.2' ],
36 silly audit   'core-util-is': [ '1.0.2' ],
36 silly audit   'cross-spawn': [ '7.0.3' ],
36 silly audit   decamelize: [ '1.2.0', '4.0.0' ],
36 silly audit   'deep-eql': [ '3.0.1' ],
36 silly audit   'default-require-extensions': [ '3.0.0' ],
36 silly audit   'delayed-stream': [ '1.0.0' ],
36 silly audit   denque: [ '2.0.1' ],
36 silly audit   depd: [ '1.1.2' ],
36 silly audit   destroy: [ '1.0.4' ],
36 silly audit   diff: [ '5.0.0', '4.0.2' ],
36 silly audit   'ee-first': [ '1.1.1' ],
36 silly audit   'electron-to-chromium': [ '1.4.75' ],
36 silly audit   'emoji-regex': [ '8.0.0' ],
36 silly audit   encodeurl: [ '1.0.2' ],
36 silly audit   'es6-error': [ '4.1.1' ],
36 silly audit   escalade: [ '3.1.1' ],
36 silly audit   'escape-html': [ '1.0.3' ],
36 silly audit   esprima: [ '4.0.1' ],
36 silly audit   etag: [ '1.8.1' ],
36 silly audit   express: [ '4.17.1' ],
36 silly audit   extend: [ '3.0.2' ],
36 silly audit   'fill-range': [ '7.0.1' ],
36 silly audit   finalhandler: [ '1.1.2' ],
36 silly audit   'find-cache-dir': [ '3.3.2' ],
36 silly audit   flat: [ '5.0.2' ],
36 silly audit   'foreground-child': [ '2.0.0' ],
36 silly audit   'form-data': [ '2.5.0' ],
36 silly audit   formidable: [ '1.2.1' ],
36 silly audit   forwarded: [ '0.1.2' ],
36 silly audit   fresh: [ '0.5.2' ],
36 silly audit   fromentries: [ '1.3.2' ],
36 silly audit   'fs.realpath': [ '1.0.0' ],
36 silly audit   fsevents: [ '2.3.2' ],
36 silly audit   gensync: [ '1.0.0-beta.2' ],
36 silly audit   'get-caller-file': [ '2.0.5' ],
36 silly audit   'get-func-name': [ '2.0.0' ],
36 silly audit   'get-package-type': [ '0.1.0' ],
36 silly audit   glob: [ '7.2.0' ],
36 silly audit   'glob-parent': [ '5.1.2' ],
36 silly audit   globals: [ '11.12.0' ],
36 silly audit   'graceful-fs': [ '4.2.9' ],
36 silly audit   growl: [ '1.10.5' ],
36 silly audit   hasha: [ '5.2.2' ],
36 silly audit   he: [ '1.2.0' ],
36 silly audit   'html-escaper': [ '2.0.2' ],
36 silly audit   'http-errors': [ '1.7.2' ],
36 silly audit   'iconv-lite': [ '0.4.24', '0.6.3' ],
36 silly audit   imurmurhash: [ '0.1.4' ],
36 silly audit   'indent-string': [ '4.0.0' ],
36 silly audit   inflight: [ '1.0.6' ],
36 silly audit   inherits: [ '2.0.3' ],
36 silly audit   'ipaddr.js': [ '1.9.0' ],
36 silly audit   'is-binary-path': [ '2.1.0' ],
36 silly audit   'is-extglob': [ '2.1.1' ],
36 silly audit   'is-fullwidth-code-point': [ '3.0.0' ],
36 silly audit   'is-glob': [ '4.0.3' ],
36 silly audit   'is-number': [ '7.0.0' ],
36 silly audit   'is-plain-obj': [ '2.1.0' ],
36 silly audit   'is-stream': [ '2.0.1' ],
36 silly audit   'is-typedarray': [ '1.0.0' ],
36 silly audit   'is-unicode-supported': [ '0.1.0' ],
36 silly audit   'is-windows': [ '1.0.2' ],
36 silly audit   isarray: [ '1.0.0', '0.0.1' ],
36 silly audit   isexe: [ '2.0.0' ],
36 silly audit   'istanbul-lib-coverage': [ '3.2.0' ],
36 silly audit   'istanbul-lib-hook': [ '3.0.0' ],
36 silly audit   'istanbul-lib-instrument': [ '4.0.3' ],
36 silly audit   'istanbul-lib-processinfo': [ '2.0.2' ],
36 silly audit   'istanbul-lib-report': [ '3.0.0' ],
36 silly audit   'istanbul-lib-source-maps': [ '4.0.1' ],
36 silly audit   'source-map': [ '0.6.1', '0.5.7' ],
36 silly audit   'istanbul-reports': [ '3.1.4' ],
36 silly audit   'js-tokens': [ '4.0.0' ],
36 silly audit   jsesc: [ '2.5.2' ],
36 silly audit   json5: [ '2.2.0' ],
36 silly audit   'just-extend': [ '4.1.0' ],
36 silly audit   'lodash.flattendeep': [ '4.4.0' ],
36 silly audit   'lodash.get': [ '4.4.2' ],
36 silly audit   'log-symbols': [ '4.1.0' ],
36 silly audit   'make-dir': [ '3.1.0' ],
36 silly audit   mariadb: [ '3.0.0' ],
36 silly audit   'media-typer': [ '0.3.0' ],
36 silly audit   'merge-descriptors': [ '1.0.1' ],
36 silly audit   methods: [ '1.1.2' ],
36 silly audit   mime: [ '1.6.0' ],
36 silly audit   'mime-db': [ '1.40.0' ],
36 silly audit   'mime-types': [ '2.1.24' ],
36 silly audit   minimatch: [ '3.0.4' ],
36 silly audit   minimist: [ '1.2.6' ],
36 silly audit   mocha: [ '9.2.1' ],
36 silly audit   moment: [ '2.29.2' ],
36 silly audit   'moment-timezone': [ '0.5.34' ],
36 silly audit   nanoid: [ '3.2.0' ],
36 silly audit   negotiator: [ '0.6.2' ],
36 silly audit   nise: [ '4.0.3' ],
36 silly audit   'path-to-regexp': [ '1.8.0', '0.1.7' ],
36 silly audit   'node-preload': [ '0.2.1' ],
36 silly audit   'node-releases': [ '2.0.2' ],
36 silly audit   'normalize-path': [ '3.0.0' ],
36 silly audit   nyc: [ '15.1.0' ],
36 silly audit   'wrap-ansi': [ '6.2.0', '7.0.0' ],
36 silly audit   y18n: [ '4.0.3', '5.0.8' ],
36 silly audit   yargs: [ '15.4.1', '16.2.0' ],
36 silly audit   'yargs-parser': [ '18.1.3', '20.2.4' ],
36 silly audit   'on-finished': [ '2.3.0' ],
36 silly audit   once: [ '1.4.0' ],
36 silly audit   'p-map': [ '3.0.0' ],
36 silly audit   'p-try': [ '2.2.0' ],
36 silly audit   'package-hash': [ '4.0.0' ],
36 silly audit   parseurl: [ '1.3.3' ],
36 silly audit   'path-exists': [ '4.0.0' ],
36 silly audit   'path-is-absolute': [ '1.0.1' ],
36 silly audit   'path-key': [ '3.1.1' ],
36 silly audit   pathval: [ '1.1.1' ],
36 silly audit   picocolors: [ '1.0.0' ],
36 silly audit   picomatch: [ '2.3.1' ],
36 silly audit   'pkg-dir': [ '4.2.0' ],
36 silly audit   'please-upgrade-node': [ '3.2.0' ],
36 silly audit   'process-nextick-args': [ '2.0.1' ],
36 silly audit   'process-on-spawn': [ '1.0.0' ],
36 silly audit   'proxy-addr': [ '2.0.5' ],
36 silly audit   qs: [ '6.7.0' ],
36 silly audit   randombytes: [ '2.1.0' ],
36 silly audit   'range-parser': [ '1.2.1' ],
36 silly audit   'raw-body': [ '2.4.0' ],
36 silly audit   'readable-stream': [ '2.3.7' ],
36 silly audit   readdirp: [ '3.6.0' ],
36 silly audit   'release-zalgo': [ '1.0.0' ],
36 silly audit   'require-directory': [ '2.1.1' ],
36 silly audit   'require-main-filename': [ '2.0.0' ],
36 silly audit   'resolve-from': [ '5.0.0' ],
36 silly audit   rimraf: [ '3.0.2' ],
36 silly audit   'safe-buffer': [ '5.1.2' ],
36 silly audit   'safer-buffer': [ '2.1.2' ],
36 silly audit   semver: [ '6.3.0' ],
36 silly audit   'semver-compare': [ '1.0.0' ],
36 silly audit   send: [ '0.17.1' ],
36 silly audit   'serialize-javascript': [ '6.0.0' ],
36 silly audit   'serve-static': [ '1.14.1' ],
36 silly audit   'set-blocking': [ '2.0.0' ],
36 silly audit   setprototypeof: [ '1.1.1' ],
36 silly audit   'shebang-command': [ '2.0.0' ],
36 silly audit   'shebang-regex': [ '3.0.0' ],
36 silly audit   'signal-exit': [ '3.0.7' ],
36 silly audit   sinon: [ '9.0.2' ],
36 silly audit   'spawn-wrap': [ '2.0.0' ],
36 silly audit   'sprintf-js': [ '1.0.3' ],
36 silly audit   statuses: [ '1.5.0' ],
36 silly audit   string_decoder: [ '1.1.1' ],
36 silly audit   'string-width': [ '4.2.3' ],
36 silly audit   'strip-ansi': [ '6.0.1' ],
36 silly audit   'strip-bom': [ '4.0.0' ],
36 silly audit   'strip-json-comments': [ '3.1.1' ],
36 silly audit   superagent: [ '3.8.3' ],
36 silly audit   supertest: [ '4.0.2' ],
36 silly audit   'test-exclude': [ '6.0.0' ],
36 silly audit   'to-fast-properties': [ '2.0.0' ],
36 silly audit   'to-regex-range': [ '5.0.1' ],
36 silly audit   toidentifier: [ '1.0.0' ],
36 silly audit   'type-detect': [ '4.0.8' ],
36 silly audit   'type-fest': [ '0.8.1' ],
36 silly audit   'type-is': [ '1.6.18' ],
36 silly audit   'typedarray-to-buffer': [ '3.1.5' ],
36 silly audit   unpipe: [ '1.0.0' ],
36 silly audit   'util-deprecate': [ '1.0.2' ],
36 silly audit   'utils-merge': [ '1.0.1' ],
36 silly audit   uuid: [ '3.4.0' ],
36 silly audit   vary: [ '1.1.2' ],
36 silly audit   which: [ '2.0.2' ],
36 silly audit   'which-module': [ '2.0.0' ],
36 silly audit   workerpool: [ '6.2.0' ],
36 silly audit   wrappy: [ '1.0.2' ],
36 silly audit   'write-file-atomic': [ '3.0.3' ],
36 silly audit   'yargs-unparser': [ '2.0.0' ],
36 silly audit   'yocto-queue': [ '0.1.0' ]
36 silly audit }
37 http fetch POST 200 https://registry.npmjs.org/-/npm/v1/security/advisories/bulk 253ms
38 timing auditReport:getReport Completed in 272ms
39 silly audit report {
39 silly audit report   'moment-timezone': [
39 silly audit report     {
39 silly audit report       id: 1084253,
39 silly audit report       url: 'https://github.com/advisories/GHSA-56x4-j7p9-fcf9',
39 silly audit report       title: 'Command Injection in moment-timezone',
39 silly audit report       severity: 'low',
39 silly audit report       vulnerable_versions: '>=0.1.0 <0.5.35',
39 silly audit report       cwe: [],
39 silly audit report       cvss: [Object]
39 silly audit report     },
39 silly audit report     {
39 silly audit report       id: 1084254,
39 silly audit report       url: 'https://github.com/advisories/GHSA-v78c-4p63-2j6c',
39 silly audit report       title: 'Cleartext Transmission of Sensitive Information in moment-timezone',
39 silly audit report       severity: 'moderate',
39 silly audit report       vulnerable_versions: '>=0.1.0 <0.5.35',
39 silly audit report       cwe: [Array],
39 silly audit report       cvss: [Object]
39 silly audit report     }
39 silly audit report   ],
39 silly audit report   moment: [
39 silly audit report     {
39 silly audit report       id: 1084429,
39 silly audit report       url: 'https://github.com/advisories/GHSA-wc69-rhjr-hc9g',
39 silly audit report       title: 'Moment.js vulnerable to Inefficient Regular Expression Complexity',
39 silly audit report       severity: 'high',
39 silly audit report       vulnerable_versions: '>=2.18.0 <2.29.4',
39 silly audit report       cwe: [Array],
39 silly audit report       cvss: [Object]
39 silly audit report     }
39 silly audit report   ]
39 silly audit report }
40 timing metavuln:cache:get:security-advisory:moment-timezone:xgIIK9a6p++H2BBkK/X/yh1VIeLSVriaB+EiZd95y+zPdQ2yRsQLM4mVWFCRE0JMsujeHAXeIS0LNKSc71DlYw== Completed in 32ms
41 timing metavuln:cache:get:security-advisory:moment-timezone:1Kv0o2LTVcP3BPzSjgyG34QAmxaGQGBeuKzGDrllGX9StWpvs/x1ed3JjiGcfIccIeG5V2SS5XlISxA55ymv4A== Completed in 27ms
42 timing metavuln:cache:get:security-advisory:moment:g7mYl6E70Gg32hECV4GTIttDJN5qqVIy3JlgohJhchLU1sFSwC2+bAUq350K8uXDwvySsrInTKPE67M4Nf/2lA== Completed in 27ms
43 http fetch GET 200 https://registry.npmjs.org/moment-timezone 58ms (cache hit)
44 timing metavuln:packument:moment-timezone Completed in 62ms
45 timing metavuln:load:security-advisory:moment-timezone:1084253 Completed in 2ms
46 timing metavuln:calculate:security-advisory:moment-timezone:1084253 Completed in 66ms
47 timing metavuln:load:security-advisory:moment-timezone:1084254 Completed in 1ms
48 timing metavuln:calculate:security-advisory:moment-timezone:1084254 Completed in 63ms
49 http fetch GET 200 https://registry.npmjs.org/moment 62ms (cache hit)
50 timing metavuln:packument:moment Completed in 65ms
51 timing metavuln:load:security-advisory:moment:1084429 Completed in 1ms
52 timing metavuln:calculate:security-advisory:moment:1084429 Completed in 66ms
53 timing metavuln:cache:get:security-advisory:mariadb:myKsCZFCbil/sYG3xa0jeorMIZzIzZNqk73UYvzZgV8cd7GEc4dgjtkS+vVlC6fUiIPWAfC4O1XRK0waYQ98mQ== Completed in 5ms
54 http fetch GET 200 https://registry.npmjs.org/mariadb 9ms (cache hit)
55 timing metavuln:packument:mariadb Completed in 11ms
56 timing metavuln:load:security-advisory:mariadb:xgIIK9a6p++H2BBkK/X/yh1VIeLSVriaB+EiZd95y+zPdQ2yRsQLM4mVWFCRE0JMsujeHAXeIS0LNKSc71DlYw== Completed in 1ms
57 timing metavuln:calculate:security-advisory:mariadb:xgIIK9a6p++H2BBkK/X/yh1VIeLSVriaB+EiZd95y+zPdQ2yRsQLM4mVWFCRE0JMsujeHAXeIS0LNKSc71DlYw== Completed in 12ms
58 timing metavuln:cache:get:security-advisory:moment-timezone:8oogYPI0dbUWf3/XXb1j7fRr3V51W6MsnAvfYik3uZqoIA8zuns7ab+6glir6B3aCBGBzdgcKNZVAQGyZoARcw== Completed in 2ms
59 timing metavuln:load:security-advisory:moment-timezone:g7mYl6E70Gg32hECV4GTIttDJN5qqVIy3JlgohJhchLU1sFSwC2+bAUq350K8uXDwvySsrInTKPE67M4Nf/2lA== Completed in 0ms
60 timing metavuln:calculate:security-advisory:moment-timezone:g7mYl6E70Gg32hECV4GTIttDJN5qqVIy3JlgohJhchLU1sFSwC2+bAUq350K8uXDwvySsrInTKPE67M4Nf/2lA== Completed in 3ms
61 timing auditReport:init Completed in 93ms
62 timing audit Completed in 734ms
63 timing idealTree:init Completed in 4ms
64 timing idealTree:userRequests Completed in 2ms
65 silly idealTree buildDeps
66 timing idealTree:#root Completed in 0ms
67 silly fetch manifest moment-timezone@^0.5.34
68 silly placeDep ROOT moment-timezone@0.5.37 REPLACE for: mariadb@3.0.0 want: ^0.5.34
69 silly fetch manifest moment@>= 2.9.0
70 timing idealTree:node_modules/mariadb Completed in 17ms
71 silly placeDep ROOT moment@2.29.4 REPLACE for: moment-timezone@0.5.37 want: >= 2.9.0
72 timing idealTree:node_modules/moment-timezone Completed in 5ms
73 timing idealTree:node_modules/moment Completed in 0ms
74 timing idealTree:buildDeps Completed in 26ms
75 timing idealTree:fixDepFlags Completed in 9ms
76 timing idealTree Completed in 67ms
77 timing arborist:ctor Completed in 0ms
78 timing reify:loadTrees Completed in 294ms
79 timing reify:diffTrees Completed in 11ms
80 silly reify mark retired [ '/home/user225/events-app/internal/node_modules/moment' ]
81 silly reify mark retired [ '/home/user225/events-app/internal/node_modules/moment-timezone' ]
82 silly reify moves {
82 silly reify   '/home/user225/events-app/internal/node_modules/moment': '/home/user225/events-app/internal/node_modules/.moment-yN54rUOp',
82 silly reify   '/home/user225/events-app/internal/node_modules/moment-timezone': '/home/user225/events-app/internal/node_modules/.moment-timezone-MXfIG6Sb'
82 silly reify }
83 timing reify:retireShallow Completed in 10ms
84 timing reify:createSparse Completed in 4ms
85 timing reify:loadBundles Completed in 0ms
86 silly audit bulk request {
86 silly audit   '@alloc/quick-lru': [ '5.2.0' ],
86 silly audit   '@ampproject/remapping': [ '2.1.2' ],
86 silly audit   '@babel/code-frame': [ '7.16.7' ],
86 silly audit   '@babel/compat-data': [ '7.17.0' ],
86 silly audit   '@babel/core': [ '7.17.5' ],
86 silly audit   debug: [ '4.3.3', '2.6.9', '3.2.6' ],
86 silly audit   ms: [ '2.1.2', '2.1.3', '2.0.0', '2.1.1' ],
86 silly audit   '@babel/generator': [ '7.17.3' ],
86 silly audit   '@babel/helper-compilation-targets': [ '7.16.7' ],
86 silly audit   '@babel/helper-environment-visitor': [ '7.16.7' ],
86 silly audit   '@babel/helper-function-name': [ '7.16.7' ],
86 silly audit   '@babel/helper-get-function-arity': [ '7.16.7' ],
86 silly audit   '@babel/helper-hoist-variables': [ '7.16.7' ],
86 silly audit   '@babel/helper-module-imports': [ '7.16.7' ],
86 silly audit   '@babel/helper-module-transforms': [ '7.17.6' ],
86 silly audit   '@babel/helper-simple-access': [ '7.16.7' ],
86 silly audit   '@babel/helper-split-export-declaration': [ '7.16.7' ],
86 silly audit   '@babel/helper-validator-identifier': [ '7.16.7' ],
86 silly audit   '@babel/helper-validator-option': [ '7.16.7' ],
86 silly audit   '@babel/helpers': [ '7.17.2' ],
86 silly audit   '@babel/highlight': [ '7.16.10' ],
86 silly audit   'ansi-styles': [ '3.2.1', '4.3.0' ],
86 silly audit   chalk: [ '2.4.2', '4.1.2' ],
86 silly audit   'color-convert': [ '1.9.3', '2.0.1' ],
86 silly audit   'color-name': [ '1.1.3', '1.1.4' ],
86 silly audit   'escape-string-regexp': [ '1.0.5', '4.0.0' ],
86 silly audit   'has-flag': [ '3.0.0', '4.0.0' ],
86 silly audit   'supports-color': [ '5.5.0', '7.2.0', '7.1.0', '8.1.1' ],
86 silly audit   '@babel/parser': [ '7.17.3' ],
86 silly audit   '@babel/template': [ '7.16.7' ],
86 silly audit   '@babel/traverse': [ '7.17.3' ],
86 silly audit   '@babel/types': [ '7.17.0' ],
86 silly audit   '@istanbuljs/load-nyc-config': [ '1.1.0' ],
86 silly audit   argparse: [ '1.0.10', '2.0.1' ],
86 silly audit   'find-up': [ '4.1.0', '5.0.0' ],
86 silly audit   'js-yaml': [ '3.14.1', '4.1.0' ],
86 silly audit   'locate-path': [ '5.0.0', '6.0.0' ],
86 silly audit   'p-limit': [ '2.3.0', '3.1.0' ],
86 silly audit   'p-locate': [ '4.1.0', '5.0.0' ],
86 silly audit   '@istanbuljs/schema': [ '0.1.3' ],
86 silly audit   '@jridgewell/resolve-uri': [ '3.0.5' ],
86 silly audit   '@jridgewell/sourcemap-codec': [ '1.4.11' ],
86 silly audit   '@jridgewell/trace-mapping': [ '0.3.4' ],
86 silly audit   '@sinonjs/commons': [ '1.7.2' ],
86 silly audit   '@sinonjs/fake-timers': [ '6.0.1' ],
86 silly audit   '@sinonjs/formatio': [ '5.0.1' ],
86 silly audit   '@sinonjs/samsam': [ '5.0.3' ],
86 silly audit   '@sinonjs/text-encoding': [ '0.7.1' ],
86 silly audit   '@types/geojson': [ '7946.0.8' ],
86 silly audit   '@types/node': [ '17.0.23' ],
86 silly audit   '@ungap/promise-all-settled': [ '1.1.2' ],
86 silly audit   accepts: [ '1.3.7' ],
86 silly audit   'aggregate-error': [ '3.1.0' ],
86 silly audit   'ansi-colors': [ '4.1.1' ],
86 silly audit   'ansi-regex': [ '5.0.1' ],
86 silly audit   anymatch: [ '3.1.2' ],
86 silly audit   'append-transform': [ '2.0.0' ],
86 silly audit   archy: [ '1.0.0' ],
86 silly audit   'array-flatten': [ '1.1.1' ],
86 silly audit   'assertion-error': [ '1.1.0' ],
86 silly audit   asynckit: [ '0.4.0' ],
86 silly audit   'balanced-match': [ '1.0.0' ],
86 silly audit   'binary-extensions': [ '2.2.0' ],
86 silly audit   'body-parser': [ '1.19.0' ],
86 silly audit   'brace-expansion': [ '1.1.11' ],
86 silly audit   braces: [ '3.0.2' ],
86 silly audit   'browser-stdout': [ '1.3.1' ],
86 silly audit   browserslist: [ '4.19.3' ],
86 silly audit   bytes: [ '3.1.0' ],
86 silly audit   'caching-transform': [ '4.0.0' ],
86 silly audit   camelcase: [ '5.3.1', '6.3.0' ],
86 silly audit   'caniuse-lite': [ '1.0.30001312' ],
86 silly audit   chai: [ '4.2.0' ],
86 silly audit   'check-error': [ '1.0.2' ],
86 silly audit   chokidar: [ '3.5.3' ],
86 silly audit   'clean-stack': [ '2.2.0' ],
86 silly audit   cliui: [ '7.0.4', '6.0.0' ],
86 silly audit   'combined-stream': [ '1.0.8' ],
86 silly audit   commondir: [ '1.0.1' ],
86 silly audit   'component-emitter': [ '1.3.0' ],
86 silly audit   'concat-map': [ '0.0.1' ],
86 silly audit   'content-disposition': [ '0.5.3' ],
86 silly audit   'content-type': [ '1.0.4' ],
86 silly audit   'convert-source-map': [ '1.8.0' ],
86 silly audit   cookie: [ '0.4.0' ],
86 silly audit   'cookie-signature': [ '1.0.6' ],
86 silly audit   cookiejar: [ '2.1.2' ],
86 silly audit   'core-util-is': [ '1.0.2' ],
86 silly audit   'cross-spawn': [ '7.0.3' ],
86 silly audit   decamelize: [ '1.2.0', '4.0.0' ],
86 silly audit   'deep-eql': [ '3.0.1' ],
86 silly audit   'default-require-extensions': [ '3.0.0' ],
86 silly audit   'delayed-stream': [ '1.0.0' ],
86 silly audit   denque: [ '2.0.1' ],
86 silly audit   depd: [ '1.1.2' ],
86 silly audit   destroy: [ '1.0.4' ],
86 silly audit   diff: [ '5.0.0', '4.0.2' ],
86 silly audit   'ee-first': [ '1.1.1' ],
86 silly audit   'electron-to-chromium': [ '1.4.75' ],
86 silly audit   'emoji-regex': [ '8.0.0' ],
86 silly audit   encodeurl: [ '1.0.2' ],
86 silly audit   'es6-error': [ '4.1.1' ],
86 silly audit   escalade: [ '3.1.1' ],
86 silly audit   'escape-html': [ '1.0.3' ],
86 silly audit   esprima: [ '4.0.1' ],
86 silly audit   etag: [ '1.8.1' ],
86 silly audit   express: [ '4.17.1' ],
86 silly audit   extend: [ '3.0.2' ],
86 silly audit   'fill-range': [ '7.0.1' ],
86 silly audit   finalhandler: [ '1.1.2' ],
86 silly audit   'find-cache-dir': [ '3.3.2' ],
86 silly audit   flat: [ '5.0.2' ],
86 silly audit   'foreground-child': [ '2.0.0' ],
86 silly audit   'form-data': [ '2.5.0' ],
86 silly audit   formidable: [ '1.2.1' ],
86 silly audit   forwarded: [ '0.1.2' ],
86 silly audit   fresh: [ '0.5.2' ],
86 silly audit   fromentries: [ '1.3.2' ],
86 silly audit   'fs.realpath': [ '1.0.0' ],
86 silly audit   fsevents: [ '2.3.2' ],
86 silly audit   gensync: [ '1.0.0-beta.2' ],
86 silly audit   'get-caller-file': [ '2.0.5' ],
86 silly audit   'get-func-name': [ '2.0.0' ],
86 silly audit   'get-package-type': [ '0.1.0' ],
86 silly audit   glob: [ '7.2.0' ],
86 silly audit   'glob-parent': [ '5.1.2' ],
86 silly audit   globals: [ '11.12.0' ],
86 silly audit   'graceful-fs': [ '4.2.9' ],
86 silly audit   growl: [ '1.10.5' ],
86 silly audit   hasha: [ '5.2.2' ],
86 silly audit   he: [ '1.2.0' ],
86 silly audit   'html-escaper': [ '2.0.2' ],
86 silly audit   'http-errors': [ '1.7.2' ],
86 silly audit   'iconv-lite': [ '0.4.24', '0.6.3' ],
86 silly audit   imurmurhash: [ '0.1.4' ],
86 silly audit   'indent-string': [ '4.0.0' ],
86 silly audit   inflight: [ '1.0.6' ],
86 silly audit   inherits: [ '2.0.3' ],
86 silly audit   'ipaddr.js': [ '1.9.0' ],
86 silly audit   'is-binary-path': [ '2.1.0' ],
86 silly audit   'is-extglob': [ '2.1.1' ],
86 silly audit   'is-fullwidth-code-point': [ '3.0.0' ],
86 silly audit   'is-glob': [ '4.0.3' ],
86 silly audit   'is-number': [ '7.0.0' ],
86 silly audit   'is-plain-obj': [ '2.1.0' ],
86 silly audit   'is-stream': [ '2.0.1' ],
86 silly audit   'is-typedarray': [ '1.0.0' ],
86 silly audit   'is-unicode-supported': [ '0.1.0' ],
86 silly audit   'is-windows': [ '1.0.2' ],
86 silly audit   isarray: [ '1.0.0', '0.0.1' ],
86 silly audit   isexe: [ '2.0.0' ],
86 silly audit   'istanbul-lib-coverage': [ '3.2.0' ],
86 silly audit   'istanbul-lib-hook': [ '3.0.0' ],
86 silly audit   'istanbul-lib-instrument': [ '4.0.3' ],
86 silly audit   'istanbul-lib-processinfo': [ '2.0.2' ],
86 silly audit   'istanbul-lib-report': [ '3.0.0' ],
86 silly audit   'istanbul-lib-source-maps': [ '4.0.1' ],
86 silly audit   'source-map': [ '0.6.1', '0.5.7' ],
86 silly audit   'istanbul-reports': [ '3.1.4' ],
86 silly audit   'js-tokens': [ '4.0.0' ],
86 silly audit   jsesc: [ '2.5.2' ],
86 silly audit   json5: [ '2.2.0' ],
86 silly audit   'just-extend': [ '4.1.0' ],
86 silly audit   'lodash.flattendeep': [ '4.4.0' ],
86 silly audit   'lodash.get': [ '4.4.2' ],
86 silly audit   'log-symbols': [ '4.1.0' ],
86 silly audit   'make-dir': [ '3.1.0' ],
86 silly audit   mariadb: [ '3.0.0' ],
86 silly audit   'media-typer': [ '0.3.0' ],
86 silly audit   'merge-descriptors': [ '1.0.1' ],
86 silly audit   methods: [ '1.1.2' ],
86 silly audit   mime: [ '1.6.0' ],
86 silly audit   'mime-db': [ '1.40.0' ],
86 silly audit   'mime-types': [ '2.1.24' ],
86 silly audit   minimatch: [ '3.0.4' ],
86 silly audit   minimist: [ '1.2.6' ],
86 silly audit   mocha: [ '9.2.1' ],
86 silly audit   nanoid: [ '3.2.0' ],
86 silly audit   negotiator: [ '0.6.2' ],
86 silly audit   nise: [ '4.0.3' ],
86 silly audit   'path-to-regexp': [ '1.8.0', '0.1.7' ],
86 silly audit   'node-preload': [ '0.2.1' ],
86 silly audit   'node-releases': [ '2.0.2' ],
86 silly audit   'normalize-path': [ '3.0.0' ],
86 silly audit   nyc: [ '15.1.0' ],
86 silly audit   'wrap-ansi': [ '6.2.0', '7.0.0' ],
86 silly audit   y18n: [ '4.0.3', '5.0.8' ],
86 silly audit   yargs: [ '15.4.1', '16.2.0' ],
86 silly audit   'yargs-parser': [ '18.1.3', '20.2.4' ],
86 silly audit   'on-finished': [ '2.3.0' ],
86 silly audit   once: [ '1.4.0' ],
86 silly audit   'p-map': [ '3.0.0' ],
86 silly audit   'p-try': [ '2.2.0' ],
86 silly audit   'package-hash': [ '4.0.0' ],
86 silly audit   parseurl: [ '1.3.3' ],
86 silly audit   'path-exists': [ '4.0.0' ],
86 silly audit   'path-is-absolute': [ '1.0.1' ],
86 silly audit   'path-key': [ '3.1.1' ],
86 silly audit   pathval: [ '1.1.1' ],
86 silly audit   picocolors: [ '1.0.0' ],
86 silly audit   picomatch: [ '2.3.1' ],
86 silly audit   'pkg-dir': [ '4.2.0' ],
86 silly audit   'please-upgrade-node': [ '3.2.0' ],
86 silly audit   'process-nextick-args': [ '2.0.1' ],
86 silly audit   'process-on-spawn': [ '1.0.0' ],
86 silly audit   'proxy-addr': [ '2.0.5' ],
86 silly audit   qs: [ '6.7.0' ],
86 silly audit   randombytes: [ '2.1.0' ],
86 silly audit   'range-parser': [ '1.2.1' ],
86 silly audit   'raw-body': [ '2.4.0' ],
86 silly audit   'readable-stream': [ '2.3.7' ],
86 silly audit   readdirp: [ '3.6.0' ],
86 silly audit   'release-zalgo': [ '1.0.0' ],
86 silly audit   'require-directory': [ '2.1.1' ],
86 silly audit   'require-main-filename': [ '2.0.0' ],
86 silly audit   'resolve-from': [ '5.0.0' ],
86 silly audit   rimraf: [ '3.0.2' ],
86 silly audit   'safe-buffer': [ '5.1.2' ],
86 silly audit   'safer-buffer': [ '2.1.2' ],
86 silly audit   semver: [ '6.3.0' ],
86 silly audit   'semver-compare': [ '1.0.0' ],
86 silly audit   send: [ '0.17.1' ],
86 silly audit   'serialize-javascript': [ '6.0.0' ],
86 silly audit   'serve-static': [ '1.14.1' ],
86 silly audit   'set-blocking': [ '2.0.0' ],
86 silly audit   setprototypeof: [ '1.1.1' ],
86 silly audit   'shebang-command': [ '2.0.0' ],
86 silly audit   'shebang-regex': [ '3.0.0' ],
86 silly audit   'signal-exit': [ '3.0.7' ],
86 silly audit   sinon: [ '9.0.2' ],
86 silly audit   'spawn-wrap': [ '2.0.0' ],
86 silly audit   'sprintf-js': [ '1.0.3' ],
86 silly audit   statuses: [ '1.5.0' ],
86 silly audit   string_decoder: [ '1.1.1' ],
86 silly audit   'string-width': [ '4.2.3' ],
86 silly audit   'strip-ansi': [ '6.0.1' ],
86 silly audit   'strip-bom': [ '4.0.0' ],
86 silly audit   'strip-json-comments': [ '3.1.1' ],
86 silly audit   superagent: [ '3.8.3' ],
86 silly audit   supertest: [ '4.0.2' ],
86 silly audit   'test-exclude': [ '6.0.0' ],
86 silly audit   'to-fast-properties': [ '2.0.0' ],
86 silly audit   'to-regex-range': [ '5.0.1' ],
86 silly audit   toidentifier: [ '1.0.0' ],
86 silly audit   'type-detect': [ '4.0.8' ],
86 silly audit   'type-fest': [ '0.8.1' ],
86 silly audit   'type-is': [ '1.6.18' ],
86 silly audit   'typedarray-to-buffer': [ '3.1.5' ],
86 silly audit   unpipe: [ '1.0.0' ],
86 silly audit   'util-deprecate': [ '1.0.2' ],
86 silly audit   'utils-merge': [ '1.0.1' ],
86 silly audit   uuid: [ '3.4.0' ],
86 silly audit   vary: [ '1.1.2' ],
86 silly audit   which: [ '2.0.2' ],
86 silly audit   'which-module': [ '2.0.0' ],
86 silly audit   workerpool: [ '6.2.0' ],
86 silly audit   wrappy: [ '1.0.2' ],
86 silly audit   'write-file-atomic': [ '3.0.3' ],
86 silly audit   'yargs-unparser': [ '2.0.0' ],
86 silly audit   'yocto-queue': [ '0.1.0' ],
86 silly audit   'moment-timezone': [ '0.5.37' ],
86 silly audit   moment: [ '2.29.4' ]
86 silly audit }
87 verbose reify failed optional dependency /home/user225/events-app/internal/node_modules/fsevents
88 silly reify mark deleted [ '/home/user225/events-app/internal/node_modules/fsevents' ]
89 timing reifyNode:node_modules/fsevents Completed in 9ms
90 silly tarball no local data for moment-timezone@https://registry.npmjs.org/moment-timezone/-/moment-timezone-0.5.37.tgz. Extracting by manifest.
91 silly tarball no local data for moment@https://registry.npmjs.org/moment/-/moment-2.29.4.tgz. Extracting by manifest.
92 http fetch POST 200 https://registry.npmjs.org/-/npm/v1/security/advisories/bulk 172ms
93 timing auditReport:getReport Completed in 194ms
94 silly audit report {}
95 timing auditReport:init Completed in 0ms
96 timing reify:audit Completed in 195ms
97 http fetch GET 200 https://registry.npmjs.org/moment-timezone/-/moment-timezone-0.5.37.tgz 629ms (cache miss)
98 timing reifyNode:node_modules/moment-timezone Completed in 651ms
99 http fetch GET 200 https://registry.npmjs.org/moment/-/moment-2.29.4.tgz 1000ms (cache miss)
100 timing reifyNode:node_modules/moment Completed in 1024ms
101 timing reify:unpack Completed in 1025ms
102 timing reify:unretire Completed in 0ms
103 timing build:queue Completed in 1ms
104 timing build:deps Completed in 2ms
105 timing build Completed in 2ms
106 timing reify:build Completed in 3ms
107 timing reify:trash Completed in 83ms
108 timing reify:save Completed in 236ms
109 timing reify Completed in 1790ms
110 silly ADD
111 silly CHANGE node_modules/moment-timezone
112 silly CHANGE node_modules/moment
113 timing command:audit Completed in 2543ms
114 verbose exit 0
115 timing npm Completed in 2761ms
116 info ok
